# JRE version: Java(TM) SE Runtime Environment (8.0_66-b17) (build 1.8.0_66-b17)
# Java VM: Java HotSpot(TM) 64-Bit Server VM (25.66-b17 mixed mode windows-amd64 compressed oops)
Heap:
 PSYoungGen      total 3077632K, used 448K [0x000000066ab00000, 0x0000000726c80000, 0x00000007c0000000)
  eden space 3076608K, 0% used [0x000000066ab00000,0x000000066ab00000,0x0000000726780000)
  from space 1024K, 43% used [0x0000000726a80000,0x0000000726af0000,0x0000000726b80000)
  to   space 1024K, 0% used [0x0000000726780000,0x0000000726780000,0x0000000726880000)
 ParOldGen       total 2417664K, used 1594706K [0x00000003c0000000, 0x0000000453900000, 0x000000066ab00000)
  object space 2417664K, 65% used [0x00000003c0000000,0x0000000421554948,0x0000000453900000)
 Metaspace       used 3702K, capacity 4560K, committed 4864K, reserved 1056768K
  class space    used 394K, capacity 396K, committed 512K, reserved 1048576K
GC Heap History (10 events):
Event: 25797.330 GC heap after
Heap after GC invocations=3056 (full 3):
 PSYoungGen      total 3077632K, used 512K [0x000000066ab00000, 0x0000000726a00000, 0x00000007c0000000)
  eden space 3076608K, 0% used [0x000000066ab00000,0x000000066ab00000,0x0000000726780000)
  from space 1024K, 50% used [0x0000000726780000,0x0000000726800000,0x0000000726880000)
  to   space 1024K, 0% used [0x0000000726880000,0x0000000726880000,0x0000000726980000)
 ParOldGen       total 2417664K, used 1594490K [0x00000003c0000000, 0x0000000453900000, 0x000000066ab00000)
  object space 2417664K, 65% used [0x00000003c0000000,0x000000042151e948,0x0000000453900000)
 Metaspace       used 3702K, capacity 4560K, committed 4864K, reserved 1056768K
  class space    used 394K, capacity 396K, committed 512K, reserved 1048576K
}
Event: 25810.146 GC heap before
{Heap before GC invocations=3057 (full 3):
 PSYoungGen      total 3077632K, used 3077120K [0x000000066ab00000, 0x0000000726a00000, 0x00000007c0000000)
  eden space 3076608K, 100% used [0x000000066ab00000,0x0000000726780000,0x0000000726780000)
  from space 1024K, 50% used [0x0000000726780000,0x0000000726800000,0x0000000726880000)
  to   space 1024K, 0% used [0x0000000726880000,0x0000000726880000,0x0000000726980000)
 ParOldGen       total 2417664K, used 1594490K [0x00000003c0000000, 0x0000000453900000, 0x000000066ab00000)
  object space 2417664K, 65% used [0x00000003c0000000,0x000000042151e948,0x0000000453900000)
 Metaspace       used 3702K, capacity 4560K, committed 4864K, reserved 1056768K
  class space    used 394K, capacity 396K, committed 512K, reserved 1048576K
Event: 25810.150 GC heap after
Heap after GC invocations=3057 (full 3):
 PSYoungGen      total 3077632K, used 320K [0x000000066ab00000, 0x0000000726a00000, 0x00000007c0000000)
  eden space 3076608K, 0% used [0x000000066ab00000,0x000000066ab00000,0x0000000726780000)
  from space 1024K, 31% used [0x0000000726880000,0x00000007268d0000,0x0000000726980000)
  to   space 1024K, 0% used [0x0000000726780000,0x0000000726780000,0x0000000726880000)
 ParOldGen       total 2417664K, used 1594514K [0x00000003c0000000, 0x0000000453900000, 0x000000066ab00000)
  object space 2417664K, 65% used [0x00000003c0000000,0x0000000421524948,0x0000000453900000)
 Metaspace       used 3702K, capacity 4560K, committed 4864K, reserved 1056768K
  class space    used 394K, capacity 396K, committed 512K, reserved 1048576K
}
Event: 25825.212 GC heap before
{Heap before GC invocations=3058 (full 3):
 PSYoungGen      total 3077632K, used 3076928K [0x000000066ab00000, 0x0000000726a00000, 0x00000007c0000000)
  eden space 3076608K, 100% used [0x000000066ab00000,0x0000000726780000,0x0000000726780000)
  from space 1024K, 31% used [0x0000000726880000,0x00000007268d0000,0x0000000726980000)
  to   space 1024K, 0% used [0x0000000726780000,0x0000000726780000,0x0000000726880000)
 ParOldGen       total 2417664K, used 1594514K [0x00000003c0000000, 0x0000000453900000, 0x000000066ab00000)
  object space 2417664K, 65% used [0x00000003c0000000,0x0000000421524948,0x0000000453900000)
 Metaspace       used 3702K, capacity 4560K, committed 4864K, reserved 1056768K
  class space    used 394K, capacity 396K, committed 512K, reserved 1048576K
Event: 25825.217 GC heap after
Heap after GC invocations=3058 (full 3):
 PSYoungGen      total 3077632K, used 288K [0x000000066ab00000, 0x0000000726a00000, 0x00000007c0000000)
  eden space 3076608K, 0% used [0x000000066ab00000,0x000000066ab00000,0x0000000726780000)
  from space 1024K, 28% used [0x0000000726780000,0x00000007267c8000,0x0000000726880000)
  to   space 1024K, 0% used [0x0000000726880000,0x0000000726880000,0x0000000726980000)
 ParOldGen       total 2417664K, used 1594546K [0x00000003c0000000, 0x0000000453900000, 0x000000066ab00000)
  object space 2417664K, 65% used [0x00000003c0000000,0x000000042152c948,0x0000000453900000)
 Metaspace       used 3702K, capacity 4560K, committed 4864K, reserved 1056768K
  class space    used 394K, capacity 396K, committed 512K, reserved 1048576K
}
Event: 25840.580 GC heap before
{Heap before GC invocations=3059 (full 3):
 PSYoungGen      total 3077632K, used 3076896K [0x000000066ab00000, 0x0000000726a00000, 0x00000007c0000000)
  eden space 3076608K, 100% used [0x000000066ab00000,0x0000000726780000,0x0000000726780000)
  from space 1024K, 28% used [0x0000000726780000,0x00000007267c8000,0x0000000726880000)
  to   space 1024K, 0% used [0x0000000726880000,0x0000000726880000,0x0000000726980000)
 ParOldGen       total 2417664K, used 1594546K [0x00000003c0000000, 0x0000000453900000, 0x000000066ab00000)
  object space 2417664K, 65% used [0x00000003c0000000,0x000000042152c948,0x0000000453900000)
 Metaspace       used 3702K, capacity 4560K, committed 4864K, reserved 1056768K
  class space    used 394K, capacity 396K, committed 512K, reserved 1048576K
Event: 25840.585 GC heap after
Heap after GC invocations=3059 (full 3):
 PSYoungGen      total 3077632K, used 384K [0x000000066ab00000, 0x0000000726b00000, 0x00000007c0000000)
  eden space 3076608K, 0% used [0x000000066ab00000,0x000000066ab00000,0x0000000726780000)
  from space 1024K, 37% used [0x0000000726880000,0x00000007268e0000,0x0000000726980000)
  to   space 1024K, 0% used [0x0000000726780000,0x0000000726780000,0x0000000726880000)
 ParOldGen       total 2417664K, used 1594610K [0x00000003c0000000, 0x0000000453900000, 0x000000066ab00000)
  object space 2417664K, 65% used [0x00000003c0000000,0x000000042153c948,0x0000000453900000)
 Metaspace       used 3702K, capacity 4560K, committed 4864K, reserved 1056768K
  class space    used 394K, capacity 396K, committed 512K, reserved 1048576K
}
Event: 25855.343 GC heap before
{Heap before GC invocations=3060 (full 3):
 PSYoungGen      total 3077632K, used 3076992K [0x000000066ab00000, 0x0000000726b00000, 0x00000007c0000000)
  eden space 3076608K, 100% used [0x000000066ab00000,0x0000000726780000,0x0000000726780000)
  from space 1024K, 37% used [0x0000000726880000,0x00000007268e0000,0x0000000726980000)
  to   space 1024K, 0% used [0x0000000726780000,0x0000000726780000,0x0000000726880000)
 ParOldGen       total 2417664K, used 1594610K [0x00000003c0000000, 0x0000000453900000, 0x000000066ab00000)
  object space 2417664K, 65% used [0x00000003c0000000,0x000000042153c948,0x0000000453900000)
 Metaspace       used 3702K, capacity 4560K, committed 4864K, reserved 1056768K
  class space    used 394K, capacity 396K, committed 512K, reserved 1048576K
Event: 25855.358 GC heap after
Heap after GC invocations=3060 (full 3):
 PSYoungGen      total 3077632K, used 384K [0x000000066ab00000, 0x0000000726b80000, 0x00000007c0000000)
  eden space 3076608K, 0% used [0x000000066ab00000,0x000000066ab00000,0x0000000726780000)
  from space 1024K, 37% used [0x0000000726780000,0x00000007267e0000,0x0000000726880000)
  to   space 1024K, 0% used [0x0000000726a80000,0x0000000726a80000,0x0000000726b80000)
 ParOldGen       total 2417664K, used 1594650K [0x00000003c0000000, 0x0000000453900000, 0x000000066ab00000)
  object space 2417664K, 65% used [0x00000003c0000000,0x0000000421546948,0x0000000453900000)
 Metaspace       used 3702K, capacity 4560K, committed 4864K, reserved 1056768K
  class space    used 394K, capacity 396K, committed 512K, reserved 1048576K
}
Event: 25867.649 GC heap before
{Heap before GC invocations=3061 (full 3):
 PSYoungGen      total 3077632K, used 3076992K [0x000000066ab00000, 0x0000000726b80000, 0x00000007c0000000)
  eden space 3076608K, 100% used [0x000000066ab00000,0x0000000726780000,0x0000000726780000)
  from space 1024K, 37% used [0x0000000726780000,0x00000007267e0000,0x0000000726880000)
  to   space 1024K, 0% used [0x0000000726a80000,0x0000000726a80000,0x0000000726b80000)
 ParOldGen       total 2417664K, used 1594650K [0x00000003c0000000, 0x0000000453900000, 0x000000066ab00000)
  object space 2417664K, 65% used [0x00000003c0000000,0x0000000421546948,0x0000000453900000)
 Metaspace       used 3702K, capacity 4560K, committed 4864K, reserved 1056768K
  class space    used 394K, capacity 396K, committed 512K, reserved 1048576K

