# JRE version: Java(TM) SE Runtime Environment (8.0_66-b17) (build 1.8.0_66-b17)
# Java VM: Java HotSpot(TM) 64-Bit Server VM (25.66-b17 mixed mode windows-amd64 compressed oops)
Heap:
 PSYoungGen      total 3905536K, used 1557378K [0x000000066ab00000, 0x0000000793100000, 0x00000007c0000000)
  eden space 3227648K, 48% used [0x000000066ab00000,0x00000006c9be0a20,0x000000072fb00000)
  from space 677888K, 0% used [0x000000072fb00000,0x000000072fb00000,0x0000000759100000)
  to   space 679424K, 0% used [0x0000000769980000,0x0000000769980000,0x0000000793100000)
 ParOldGen       total 1188864K, used 1188616K [0x00000003c0000000, 0x0000000408900000, 0x000000066ab00000)
  object space 1188864K, 99% used [0x00000003c0000000,0x00000004088c2298,0x0000000408900000)
 Metaspace       used 3692K, capacity 4560K, committed 4864K, reserved 1056768K
  class space    used 393K, capacity 396K, committed 512K, reserved 1048576K
GC Heap History (10 events):
Event: 59.801 GC heap before
{Heap before GC invocations=23 (full 2):
 PSYoungGen      total 3905536K, used 188576K [0x000000066ab00000, 0x0000000793100000, 0x00000007c0000000)
  eden space 3227648K, 0% used [0x000000066ab00000,0x000000066ab00000,0x000000072fb00000)
  from space 677888K, 27% used [0x000000072fb00000,0x000000073b328250,0x0000000759100000)
  to   space 679424K, 0% used [0x0000000769980000,0x0000000769980000,0x0000000793100000)
 ParOldGen       total 1188864K, used 1090765K [0x00000003c0000000, 0x0000000408900000, 0x000000066ab00000)
  object space 1188864K, 91% used [0x00000003c0000000,0x0000000402933400,0x0000000408900000)
 Metaspace       used 3692K, capacity 4560K, committed 4864K, reserved 1056768K
  class space    used 393K, capacity 396K, committed 512K, reserved 1048576K
Event: 63.996 GC heap after
Heap after GC invocations=23 (full 2):
 PSYoungGen      total 3905536K, used 83267K [0x000000066ab00000, 0x0000000793100000, 0x00000007c0000000)
  eden space 3227648K, 0% used [0x000000066ab00000,0x000000066ab00000,0x000000072fb00000)
  from space 677888K, 12% used [0x000000072fb00000,0x0000000734c50c30,0x0000000759100000)
  to   space 679424K, 0% used [0x0000000769980000,0x0000000769980000,0x0000000793100000)
 ParOldGen       total 1188864K, used 1188661K [0x00000003c0000000, 0x0000000408900000, 0x000000066ab00000)
  object space 1188864K, 99% used [0x00000003c0000000,0x00000004088cd6f0,0x0000000408900000)
 Metaspace       used 3692K, capacity 4560K, committed 4864K, reserved 1056768K
  class space    used 393K, capacity 396K, committed 512K, reserved 1048576K
}
Event: 66.007 GC heap before
{Heap before GC invocations=24 (full 3):
 PSYoungGen      total 3905536K, used 3310915K [0x000000066ab00000, 0x0000000793100000, 0x00000007c0000000)
  eden space 3227648K, 100% used [0x000000066ab00000,0x000000072fb00000,0x000000072fb00000)
  from space 677888K, 12% used [0x000000072fb00000,0x0000000734c50c30,0x0000000759100000)
  to   space 679424K, 0% used [0x0000000769980000,0x0000000769980000,0x0000000793100000)
 ParOldGen       total 1188864K, used 1188661K [0x00000003c0000000, 0x0000000408900000, 0x000000066ab00000)
  object space 1188864K, 99% used [0x00000003c0000000,0x00000004088cd6f0,0x0000000408900000)
 Metaspace       used 3692K, capacity 4560K, committed 4864K, reserved 1056768K
  class space    used 393K, capacity 396K, committed 512K, reserved 1048576K
Event: 71.619 GC heap after
Heap after GC invocations=24 (full 3):
 PSYoungGen      total 3905536K, used 128480K [0x000000066ab00000, 0x0000000793100000, 0x00000007c0000000)
  eden space 3227648K, 3% used [0x000000066ab00000,0x0000000672878258,0x000000072fb00000)
  from space 677888K, 0% used [0x000000072fb00000,0x000000072fb00000,0x0000000759100000)
  to   space 679424K, 0% used [0x0000000769980000,0x0000000769980000,0x0000000793100000)
 ParOldGen       total 1188864K, used 1188861K [0x00000003c0000000, 0x0000000408900000, 0x000000066ab00000)
  object space 1188864K, 99% used [0x00000003c0000000,0x00000004088ff578,0x0000000408900000)
 Metaspace       used 3692K, capacity 4560K, committed 4864K, reserved 1056768K
  class space    used 393K, capacity 396K, committed 512K, reserved 1048576K
}
Event: 73.498 GC heap before
{Heap before GC invocations=25 (full 4):
 PSYoungGen      total 3905536K, used 3227648K [0x000000066ab00000, 0x0000000793100000, 0x00000007c0000000)
  eden space 3227648K, 100% used [0x000000066ab00000,0x000000072fb00000,0x000000072fb00000)
  from space 677888K, 0% used [0x000000072fb00000,0x000000072fb00000,0x0000000759100000)
  to   space 679424K, 0% used [0x0000000769980000,0x0000000769980000,0x0000000793100000)
 ParOldGen       total 1188864K, used 1188861K [0x00000003c0000000, 0x0000000408900000, 0x000000066ab00000)
  object space 1188864K, 99% used [0x00000003c0000000,0x00000004088ff578,0x0000000408900000)
 Metaspace       used 3692K, capacity 4560K, committed 4864K, reserved 1056768K
  class space    used 393K, capacity 396K, committed 512K, reserved 1048576K
Event: 75.701 GC heap after
Heap after GC invocations=25 (full 4):
 PSYoungGen      total 3905536K, used 171392K [0x000000066ab00000, 0x0000000793100000, 0x00000007c0000000)
  eden space 3227648K, 5% used [0x000000066ab00000,0x0000000675260228,0x000000072fb00000)
  from space 677888K, 0% used [0x000000072fb00000,0x000000072fb00000,0x0000000759100000)
  to   space 679424K, 0% used [0x0000000769980000,0x0000000769980000,0x0000000793100000)
 ParOldGen       total 1188864K, used 1188785K [0x00000003c0000000, 0x0000000408900000, 0x000000066ab00000)
  object space 1188864K, 99% used [0x00000003c0000000,0x00000004088ec5d8,0x0000000408900000)
 Metaspace       used 3692K, capacity 4560K, committed 4864K, reserved 1056768K
  class space    used 393K, capacity 396K, committed 512K, reserved 1048576K
}
Event: 77.570 GC heap before
{Heap before GC invocations=26 (full 5):
 PSYoungGen      total 3905536K, used 3227648K [0x000000066ab00000, 0x0000000793100000, 0x00000007c0000000)
  eden space 3227648K, 100% used [0x000000066ab00000,0x000000072fb00000,0x000000072fb00000)
  from space 677888K, 0% used [0x000000072fb00000,0x000000072fb00000,0x0000000759100000)
  to   space 679424K, 0% used [0x0000000769980000,0x0000000769980000,0x0000000793100000)
 ParOldGen       total 1188864K, used 1188785K [0x00000003c0000000, 0x0000000408900000, 0x000000066ab00000)
  object space 1188864K, 99% used [0x00000003c0000000,0x00000004088ec5d8,0x0000000408900000)
 Metaspace       used 3692K, capacity 4560K, committed 4864K, reserved 1056768K
  class space    used 393K, capacity 396K, committed 512K, reserved 1048576K
Event: 79.735 GC heap after
Heap after GC invocations=26 (full 5):
 PSYoungGen      total 3905536K, used 214847K [0x000000066ab00000, 0x0000000793100000, 0x00000007c0000000)
  eden space 3227648K, 6% used [0x000000066ab00000,0x0000000677ccffa0,0x000000072fb00000)
  from space 677888K, 0% used [0x000000072fb00000,0x000000072fb00000,0x0000000759100000)
  to   space 679424K, 0% used [0x0000000769980000,0x0000000769980000,0x0000000793100000)
 ParOldGen       total 1188864K, used 1188705K [0x00000003c0000000, 0x0000000408900000, 0x000000066ab00000)
  object space 1188864K, 99% used [0x00000003c0000000,0x00000004088d8758,0x0000000408900000)
 Metaspace       used 3692K, capacity 4560K, committed 4864K, reserved 1056768K
  class space    used 393K, capacity 396K, committed 512K, reserved 1048576K
}
Event: 81.647 GC heap before
{Heap before GC invocations=27 (full 6):
 PSYoungGen      total 3905536K, used 3227648K [0x000000066ab00000, 0x0000000793100000, 0x00000007c0000000)
  eden space 3227648K, 100% used [0x000000066ab00000,0x000000072fb00000,0x000000072fb00000)
  from space 677888K, 0% used [0x000000072fb00000,0x000000072fb00000,0x0000000759100000)
  to   space 679424K, 0% used [0x0000000769980000,0x0000000769980000,0x0000000793100000)
 ParOldGen       total 1188864K, used 1188705K [0x00000003c0000000, 0x0000000408900000, 0x000000066ab00000)
  object space 1188864K, 99% used [0x00000003c0000000,0x00000004088d8758,0x0000000408900000)
 Metaspace       used 3692K, capacity 4560K, committed 4864K, reserved 1056768K
  class space    used 393K, capacity 396K, committed 512K, reserved 1048576K
Event: 84.027 GC heap after
Heap after GC invocations=27 (full 6):
 PSYoungGen      total 3905536K, used 257699K [0x000000066ab00000, 0x0000000793100000, 0x00000007c0000000)
  eden space 3227648K, 7% used [0x000000066ab00000,0x000000067a6a8c50,0x000000072fb00000)
  from space 677888K, 0% used [0x000000072fb00000,0x000000072fb00000,0x0000000759100000)
  to   space 679424K, 0% used [0x0000000769980000,0x0000000769980000,0x0000000793100000)
 ParOldGen       total 1188864K, used 1188616K [0x00000003c0000000, 0x0000000408900000, 0x000000066ab00000)
  object space 1188864K, 99% used [0x00000003c0000000,0x00000004088c2298,0x0000000408900000)
 Metaspace       used 3692K, capacity 4560K, committed 4864K, reserved 1056768K
  class space    used 393K, capacity 396K, committed 512K, reserved 1048576K
}

