# JRE version: Java(TM) SE Runtime Environment (8.0_66-b17) (build 1.8.0_66-b17)
# Java VM: Java HotSpot(TM) 64-Bit Server VM (25.66-b17 mixed mode windows-amd64 compressed oops)
Heap:
 PSYoungGen      total 5502464K, used 384K [0x000000066ab00000, 0x00000007bab00000, 0x00000007c0000000)
  eden space 5501440K, 0% used [0x000000066ab00000,0x000000066ab00000,0x00000007ba780000)
  from space 1024K, 37% used [0x00000007ba780000,0x00000007ba7e0000,0x00000007ba880000)
  to   space 1024K, 0% used [0x00000007ba880000,0x00000007ba880000,0x00000007ba980000)
 ParOldGen       total 2294784K, used 1412965K [0x00000003c0000000, 0x000000044c100000, 0x000000066ab00000)
  object space 2294784K, 61% used [0x00000003c0000000,0x00000004163d9608,0x000000044c100000)
 Metaspace       used 3675K, capacity 4572K, committed 4864K, reserved 1056768K
  class space    used 394K, capacity 396K, committed 512K, reserved 1048576K
GC Heap History (10 events):
Event: 44045.043 GC heap after
Heap after GC invocations=2546 (full 2):
 PSYoungGen      total 5502464K, used 288K [0x000000066ab00000, 0x00000007baa00000, 0x00000007c0000000)
  eden space 5501440K, 0% used [0x000000066ab00000,0x000000066ab00000,0x00000007ba780000)
  from space 1024K, 28% used [0x00000007ba880000,0x00000007ba8c8000,0x00000007ba980000)
  to   space 1024K, 0% used [0x00000007ba780000,0x00000007ba780000,0x00000007ba880000)
 ParOldGen       total 2294784K, used 1412533K [0x00000003c0000000, 0x000000044c100000, 0x000000066ab00000)
  object space 2294784K, 61% used [0x00000003c0000000,0x000000041636d608,0x000000044c100000)
 Metaspace       used 3675K, capacity 4572K, committed 4864K, reserved 1056768K
  class space    used 394K, capacity 396K, committed 512K, reserved 1048576K
}
Event: 44066.068 GC heap before
{Heap before GC invocations=2547 (full 2):
 PSYoungGen      total 5502464K, used 5501728K [0x000000066ab00000, 0x00000007baa00000, 0x00000007c0000000)
  eden space 5501440K, 100% used [0x000000066ab00000,0x00000007ba780000,0x00000007ba780000)
  from space 1024K, 28% used [0x00000007ba880000,0x00000007ba8c8000,0x00000007ba980000)
  to   space 1024K, 0% used [0x00000007ba780000,0x00000007ba780000,0x00000007ba880000)
 ParOldGen       total 2294784K, used 1412533K [0x00000003c0000000, 0x000000044c100000, 0x000000066ab00000)
  object space 2294784K, 61% used [0x00000003c0000000,0x000000041636d608,0x000000044c100000)
 Metaspace       used 3675K, capacity 4572K, committed 4864K, reserved 1056768K
  class space    used 394K, capacity 396K, committed 512K, reserved 1048576K
Event: 44066.073 GC heap after
Heap after GC invocations=2547 (full 2):
 PSYoungGen      total 5502464K, used 352K [0x000000066ab00000, 0x00000007baa00000, 0x00000007c0000000)
  eden space 5501440K, 0% used [0x000000066ab00000,0x000000066ab00000,0x00000007ba780000)
  from space 1024K, 34% used [0x00000007ba780000,0x00000007ba7d8000,0x00000007ba880000)
  to   space 1024K, 0% used [0x00000007ba880000,0x00000007ba880000,0x00000007ba980000)
 ParOldGen       total 2294784K, used 1412597K [0x00000003c0000000, 0x000000044c100000, 0x000000066ab00000)
  object space 2294784K, 61% used [0x00000003c0000000,0x000000041637d608,0x000000044c100000)
 Metaspace       used 3675K, capacity 4572K, committed 4864K, reserved 1056768K
  class space    used 394K, capacity 396K, committed 512K, reserved 1048576K
}
Event: 44092.231 GC heap before
{Heap before GC invocations=2548 (full 2):
 PSYoungGen      total 5502464K, used 5501792K [0x000000066ab00000, 0x00000007baa00000, 0x00000007c0000000)
  eden space 5501440K, 100% used [0x000000066ab00000,0x00000007ba780000,0x00000007ba780000)
  from space 1024K, 34% used [0x00000007ba780000,0x00000007ba7d8000,0x00000007ba880000)
  to   space 1024K, 0% used [0x00000007ba880000,0x00000007ba880000,0x00000007ba980000)
 ParOldGen       total 2294784K, used 1412597K [0x00000003c0000000, 0x000000044c100000, 0x000000066ab00000)
  object space 2294784K, 61% used [0x00000003c0000000,0x000000041637d608,0x000000044c100000)
 Metaspace       used 3675K, capacity 4572K, committed 4864K, reserved 1056768K
  class space    used 394K, capacity 396K, committed 512K, reserved 1048576K
Event: 44092.236 GC heap after
Heap after GC invocations=2548 (full 2):
 PSYoungGen      total 5502464K, used 576K [0x000000066ab00000, 0x00000007baa00000, 0x00000007c0000000)
  eden space 5501440K, 0% used [0x000000066ab00000,0x000000066ab00000,0x00000007ba780000)
  from space 1024K, 56% used [0x00000007ba880000,0x00000007ba910000,0x00000007ba980000)
  to   space 1024K, 0% used [0x00000007ba780000,0x00000007ba780000,0x00000007ba880000)
 ParOldGen       total 2294784K, used 1412733K [0x00000003c0000000, 0x000000044c100000, 0x000000066ab00000)
  object space 2294784K, 61% used [0x00000003c0000000,0x000000041639f608,0x000000044c100000)
 Metaspace       used 3675K, capacity 4572K, committed 4864K, reserved 1056768K
  class space    used 394K, capacity 396K, committed 512K, reserved 1048576K
}
Event: 44113.587 GC heap before
{Heap before GC invocations=2549 (full 2):
 PSYoungGen      total 5502464K, used 5502016K [0x000000066ab00000, 0x00000007baa00000, 0x00000007c0000000)
  eden space 5501440K, 100% used [0x000000066ab00000,0x00000007ba780000,0x00000007ba780000)
  from space 1024K, 56% used [0x00000007ba880000,0x00000007ba910000,0x00000007ba980000)
  to   space 1024K, 0% used [0x00000007ba780000,0x00000007ba780000,0x00000007ba880000)
 ParOldGen       total 2294784K, used 1412733K [0x00000003c0000000, 0x000000044c100000, 0x000000066ab00000)
  object space 2294784K, 61% used [0x00000003c0000000,0x000000041639f608,0x000000044c100000)
 Metaspace       used 3675K, capacity 4572K, committed 4864K, reserved 1056768K
  class space    used 394K, capacity 396K, committed 512K, reserved 1048576K
Event: 44113.591 GC heap after
Heap after GC invocations=2549 (full 2):
 PSYoungGen      total 5502464K, used 512K [0x000000066ab00000, 0x00000007baa00000, 0x00000007c0000000)
  eden space 5501440K, 0% used [0x000000066ab00000,0x000000066ab00000,0x00000007ba780000)
  from space 1024K, 50% used [0x00000007ba780000,0x00000007ba800000,0x00000007ba880000)
  to   space 1024K, 0% used [0x00000007ba880000,0x00000007ba880000,0x00000007ba980000)
 ParOldGen       total 2294784K, used 1412821K [0x00000003c0000000, 0x000000044c100000, 0x000000066ab00000)
  object space 2294784K, 61% used [0x00000003c0000000,0x00000004163b5608,0x000000044c100000)
 Metaspace       used 3675K, capacity 4572K, committed 4864K, reserved 1056768K
  class space    used 394K, capacity 396K, committed 512K, reserved 1048576K
}
Event: 44134.285 GC heap before
{Heap before GC invocations=2550 (full 2):
 PSYoungGen      total 5502464K, used 5501952K [0x000000066ab00000, 0x00000007baa00000, 0x00000007c0000000)
  eden space 5501440K, 100% used [0x000000066ab00000,0x00000007ba780000,0x00000007ba780000)
  from space 1024K, 50% used [0x00000007ba780000,0x00000007ba800000,0x00000007ba880000)
  to   space 1024K, 0% used [0x00000007ba880000,0x00000007ba880000,0x00000007ba980000)
 ParOldGen       total 2294784K, used 1412821K [0x00000003c0000000, 0x000000044c100000, 0x000000066ab00000)
  object space 2294784K, 61% used [0x00000003c0000000,0x00000004163b5608,0x000000044c100000)
 Metaspace       used 3675K, capacity 4572K, committed 4864K, reserved 1056768K
  class space    used 394K, capacity 396K, committed 512K, reserved 1048576K
Event: 44134.289 GC heap after
Heap after GC invocations=2550 (full 2):
 PSYoungGen      total 5502464K, used 384K [0x000000066ab00000, 0x00000007baa00000, 0x00000007c0000000)
  eden space 5501440K, 0% used [0x000000066ab00000,0x000000066ab00000,0x00000007ba780000)
  from space 1024K, 37% used [0x00000007ba880000,0x00000007ba8e0000,0x00000007ba980000)
  to   space 1024K, 0% used [0x00000007ba780000,0x00000007ba780000,0x00000007ba880000)
 ParOldGen       total 2294784K, used 1412893K [0x00000003c0000000, 0x000000044c100000, 0x000000066ab00000)
  object space 2294784K, 61% used [0x00000003c0000000,0x00000004163c7608,0x000000044c100000)
 Metaspace       used 3675K, capacity 4572K, committed 4864K, reserved 1056768K
  class space    used 394K, capacity 396K, committed 512K, reserved 1048576K
}
Event: 44156.208 GC heap before
{Heap before GC invocations=2551 (full 2):
 PSYoungGen      total 5502464K, used 5501824K [0x000000066ab00000, 0x00000007baa00000, 0x00000007c0000000)
  eden space 5501440K, 100% used [0x000000066ab00000,0x00000007ba780000,0x00000007ba780000)
  from space 1024K, 37% used [0x00000007ba880000,0x00000007ba8e0000,0x00000007ba980000)
  to   space 1024K, 0% used [0x00000007ba780000,0x00000007ba780000,0x00000007ba880000)
 ParOldGen       total 2294784K, used 1412893K [0x00000003c0000000, 0x000000044c100000, 0x000000066ab00000)
  object space 2294784K, 61% used [0x00000003c0000000,0x00000004163c7608,0x000000044c100000)
 Metaspace       used 3675K, capacity 4572K, committed 4864K, reserved 1056768K
  class space    used 394K, capacity 396K, committed 512K, reserved 1048576K

