# JRE version: Java(TM) SE Runtime Environment (8.0_66-b17) (build 1.8.0_66-b17)
# Java VM: Java HotSpot(TM) 64-Bit Server VM (25.66-b17 mixed mode windows-amd64 compressed oops)
Heap:
 PSYoungGen      total 3154432K, used 1513859K [0x000000066ab00000, 0x000000072b480000, 0x00000007c0000000)
  eden space 3153408K, 47% used [0x000000066ab00000,0x00000006c7128d90,0x000000072b280000)
  from space 1024K, 21% used [0x000000072b280000,0x000000072b2b8000,0x000000072b380000)
  to   space 1024K, 0% used [0x000000072b380000,0x000000072b380000,0x000000072b480000)
 ParOldGen       total 2336768K, used 1205654K [0x00000003c0000000, 0x000000044ea00000, 0x000000066ab00000)
  object space 2336768K, 51% used [0x00000003c0000000,0x0000000409965a20,0x000000044ea00000)
 Metaspace       used 3670K, capacity 4572K, committed 4864K, reserved 1056768K
  class space    used 394K, capacity 396K, committed 512K, reserved 1048576K
GC Heap History (10 events):
Event: 16326.684 GC heap before
{Heap before GC invocations=1265 (full 2):
 PSYoungGen      total 3154432K, used 3153696K [0x000000066ab00000, 0x000000072b480000, 0x00000007c0000000)
  eden space 3153408K, 100% used [0x000000066ab00000,0x000000072b280000,0x000000072b280000)
  from space 1024K, 28% used [0x000000072b380000,0x000000072b3c8000,0x000000072b480000)
  to   space 1024K, 0% used [0x000000072b280000,0x000000072b280000,0x000000072b380000)
 ParOldGen       total 2336768K, used 1205430K [0x00000003c0000000, 0x000000044ea00000, 0x000000066ab00000)
  object space 2336768K, 51% used [0x00000003c0000000,0x000000040992da20,0x000000044ea00000)
 Metaspace       used 3670K, capacity 4572K, committed 4864K, reserved 1056768K
  class space    used 394K, capacity 396K, committed 512K, reserved 1048576K
Event: 16326.694 GC heap after
Heap after GC invocations=1265 (full 2):
 PSYoungGen      total 3154432K, used 224K [0x000000066ab00000, 0x000000072b480000, 0x00000007c0000000)
  eden space 3153408K, 0% used [0x000000066ab00000,0x000000066ab00000,0x000000072b280000)
  from space 1024K, 21% used [0x000000072b280000,0x000000072b2b8000,0x000000072b380000)
  to   space 1024K, 0% used [0x000000072b380000,0x000000072b380000,0x000000072b480000)
 ParOldGen       total 2336768K, used 1205494K [0x00000003c0000000, 0x000000044ea00000, 0x000000066ab00000)
  object space 2336768K, 51% used [0x00000003c0000000,0x000000040993da20,0x000000044ea00000)
 Metaspace       used 3670K, capacity 4572K, committed 4864K, reserved 1056768K
  class space    used 394K, capacity 396K, committed 512K, reserved 1048576K
}
Event: 16342.966 GC heap before
{Heap before GC invocations=1266 (full 2):
 PSYoungGen      total 3154432K, used 3153632K [0x000000066ab00000, 0x000000072b480000, 0x00000007c0000000)
  eden space 3153408K, 100% used [0x000000066ab00000,0x000000072b280000,0x000000072b280000)
  from space 1024K, 21% used [0x000000072b280000,0x000000072b2b8000,0x000000072b380000)
  to   space 1024K, 0% used [0x000000072b380000,0x000000072b380000,0x000000072b480000)
 ParOldGen       total 2336768K, used 1205494K [0x00000003c0000000, 0x000000044ea00000, 0x000000066ab00000)
  object space 2336768K, 51% used [0x00000003c0000000,0x000000040993da20,0x000000044ea00000)
 Metaspace       used 3670K, capacity 4572K, committed 4864K, reserved 1056768K
  class space    used 394K, capacity 396K, committed 512K, reserved 1048576K
Event: 16343.011 GC heap after
Heap after GC invocations=1266 (full 2):
 PSYoungGen      total 3154432K, used 192K [0x000000066ab00000, 0x000000072b480000, 0x00000007c0000000)
  eden space 3153408K, 0% used [0x000000066ab00000,0x000000066ab00000,0x000000072b280000)
  from space 1024K, 18% used [0x000000072b380000,0x000000072b3b0000,0x000000072b480000)
  to   space 1024K, 0% used [0x000000072b280000,0x000000072b280000,0x000000072b380000)
 ParOldGen       total 2336768K, used 1205510K [0x00000003c0000000, 0x000000044ea00000, 0x000000066ab00000)
  object space 2336768K, 51% used [0x00000003c0000000,0x0000000409941a20,0x000000044ea00000)
 Metaspace       used 3670K, capacity 4572K, committed 4864K, reserved 1056768K
  class space    used 394K, capacity 396K, committed 512K, reserved 1048576K
}
Event: 16359.384 GC heap before
{Heap before GC invocations=1267 (full 2):
 PSYoungGen      total 3154432K, used 3153600K [0x000000066ab00000, 0x000000072b480000, 0x00000007c0000000)
  eden space 3153408K, 100% used [0x000000066ab00000,0x000000072b280000,0x000000072b280000)
  from space 1024K, 18% used [0x000000072b380000,0x000000072b3b0000,0x000000072b480000)
  to   space 1024K, 0% used [0x000000072b280000,0x000000072b280000,0x000000072b380000)
 ParOldGen       total 2336768K, used 1205510K [0x00000003c0000000, 0x000000044ea00000, 0x000000066ab00000)
  object space 2336768K, 51% used [0x00000003c0000000,0x0000000409941a20,0x000000044ea00000)
 Metaspace       used 3670K, capacity 4572K, committed 4864K, reserved 1056768K
  class space    used 394K, capacity 396K, committed 512K, reserved 1048576K
Event: 16359.391 GC heap after
Heap after GC invocations=1267 (full 2):
 PSYoungGen      total 3154432K, used 224K [0x000000066ab00000, 0x000000072b480000, 0x00000007c0000000)
  eden space 3153408K, 0% used [0x000000066ab00000,0x000000066ab00000,0x000000072b280000)
  from space 1024K, 21% used [0x000000072b280000,0x000000072b2b8000,0x000000072b380000)
  to   space 1024K, 0% used [0x000000072b380000,0x000000072b380000,0x000000072b480000)
 ParOldGen       total 2336768K, used 1205542K [0x00000003c0000000, 0x000000044ea00000, 0x000000066ab00000)
  object space 2336768K, 51% used [0x00000003c0000000,0x0000000409949a20,0x000000044ea00000)
 Metaspace       used 3670K, capacity 4572K, committed 4864K, reserved 1056768K
  class space    used 394K, capacity 396K, committed 512K, reserved 1048576K
}
Event: 16376.295 GC heap before
{Heap before GC invocations=1268 (full 2):
 PSYoungGen      total 3154432K, used 3153632K [0x000000066ab00000, 0x000000072b480000, 0x00000007c0000000)
  eden space 3153408K, 100% used [0x000000066ab00000,0x000000072b280000,0x000000072b280000)
  from space 1024K, 21% used [0x000000072b280000,0x000000072b2b8000,0x000000072b380000)
  to   space 1024K, 0% used [0x000000072b380000,0x000000072b380000,0x000000072b480000)
 ParOldGen       total 2336768K, used 1205542K [0x00000003c0000000, 0x000000044ea00000, 0x000000066ab00000)
  object space 2336768K, 51% used [0x00000003c0000000,0x0000000409949a20,0x000000044ea00000)
 Metaspace       used 3670K, capacity 4572K, committed 4864K, reserved 1056768K
  class space    used 394K, capacity 396K, committed 512K, reserved 1048576K
Event: 16376.301 GC heap after
Heap after GC invocations=1268 (full 2):
 PSYoungGen      total 3154432K, used 416K [0x000000066ab00000, 0x000000072b480000, 0x00000007c0000000)
  eden space 3153408K, 0% used [0x000000066ab00000,0x000000066ab00000,0x000000072b280000)
  from space 1024K, 40% used [0x000000072b380000,0x000000072b3e8000,0x000000072b480000)
  to   space 1024K, 0% used [0x000000072b280000,0x000000072b280000,0x000000072b380000)
 ParOldGen       total 2336768K, used 1205630K [0x00000003c0000000, 0x000000044ea00000, 0x000000066ab00000)
  object space 2336768K, 51% used [0x00000003c0000000,0x000000040995fa20,0x000000044ea00000)
 Metaspace       used 3670K, capacity 4572K, committed 4864K, reserved 1056768K
  class space    used 394K, capacity 396K, committed 512K, reserved 1048576K
}
Event: 16392.730 GC heap before
{Heap before GC invocations=1269 (full 2):
 PSYoungGen      total 3154432K, used 3153824K [0x000000066ab00000, 0x000000072b480000, 0x00000007c0000000)
  eden space 3153408K, 100% used [0x000000066ab00000,0x000000072b280000,0x000000072b280000)
  from space 1024K, 40% used [0x000000072b380000,0x000000072b3e8000,0x000000072b480000)
  to   space 1024K, 0% used [0x000000072b280000,0x000000072b280000,0x000000072b380000)
 ParOldGen       total 2336768K, used 1205630K [0x00000003c0000000, 0x000000044ea00000, 0x000000066ab00000)
  object space 2336768K, 51% used [0x00000003c0000000,0x000000040995fa20,0x000000044ea00000)
 Metaspace       used 3670K, capacity 4572K, committed 4864K, reserved 1056768K
  class space    used 394K, capacity 396K, committed 512K, reserved 1048576K
Event: 16392.737 GC heap after
Heap after GC invocations=1269 (full 2):
 PSYoungGen      total 3154432K, used 224K [0x000000066ab00000, 0x000000072b480000, 0x00000007c0000000)
  eden space 3153408K, 0% used [0x000000066ab00000,0x000000066ab00000,0x000000072b280000)
  from space 1024K, 21% used [0x000000072b280000,0x000000072b2b8000,0x000000072b380000)
  to   space 1024K, 0% used [0x000000072b380000,0x000000072b380000,0x000000072b480000)
 ParOldGen       total 2336768K, used 1205654K [0x00000003c0000000, 0x000000044ea00000, 0x000000066ab00000)
  object space 2336768K, 51% used [0x00000003c0000000,0x0000000409965a20,0x000000044ea00000)
 Metaspace       used 3670K, capacity 4572K, committed 4864K, reserved 1056768K
  class space    used 394K, capacity 396K, committed 512K, reserved 1048576K
}

