# JRE version: 7.0_21-b11
# Java VM: Java HotSpot(TM) 64-Bit Server VM (23.21-b01 mixed mode windows-amd64 compressed oops)
Heap
 PSYoungGen      total 41920K, used 26155K [0x00000005eeee0000, 0x00000005f3460000, 0x0000000844430000)
  eden space 39232K, 59% used [0x00000005eeee0000,0x00000005f05cade0,0x00000005f1530000)
  from space 2688K, 100% used [0x00000005f31c0000,0x00000005f3460000,0x00000005f3460000)
  to   space 2688K, 0% used [0x00000005f2f20000,0x00000005f2f20000,0x00000005f31c0000)
 ParOldGen       total 114176K, used 62925K [0x0000000144430000, 0x000000014b3b0000, 0x00000005eeee0000)
  object space 114176K, 55% used [0x0000000144430000,0x00000001481a3488,0x000000014b3b0000)
 PSPermGen       total 21248K, used 6530K [0x000000013f230000, 0x00000001406f0000, 0x0000000144430000)
  object space 21248K, 30% used [0x000000013f230000,0x000000013f890b78,0x00000001406f0000)
GC Heap History (10 events):
Event: 1.382 GC heap before
{Heap before GC invocations=1 (full 0):
 PSYoungGen      total 19136K, used 16448K [0x00000005eeee0000, 0x00000005f0430000, 0x0000000844430000)
  eden space 16448K, 100% used [0x00000005eeee0000,0x00000005efef0000,0x00000005efef0000)
  from space 2688K, 0% used [0x00000005f0190000,0x00000005f0190000,0x00000005f0430000)
  to   space 2688K, 0% used [0x00000005efef0000,0x00000005efef0000,0x00000005f0190000)
 ParOldGen       total 43712K, used 0K [0x0000000144430000, 0x0000000146ee0000, 0x00000005eeee0000)
  object space 43712K, 0% used [0x0000000144430000,0x0000000144430000,0x0000000146ee0000)
 PSPermGen       total 21248K, used 6288K [0x000000013f230000, 0x00000001406f0000, 0x0000000144430000)
  object space 21248K, 29% used [0x000000013f230000,0x000000013f8540e8,0x00000001406f0000)
Event: 1.401 GC heap after
Heap after GC invocations=1 (full 0):
 PSYoungGen      total 19136K, used 2657K [0x00000005eeee0000, 0x00000005f1440000, 0x0000000844430000)
  eden space 16448K, 0% used [0x00000005eeee0000,0x00000005eeee0000,0x00000005efef0000)
  from space 2688K, 98% used [0x00000005efef0000,0x00000005f0188548,0x00000005f0190000)
  to   space 2688K, 0% used [0x00000005f11a0000,0x00000005f11a0000,0x00000005f1440000)
 ParOldGen       total 43712K, used 8579K [0x0000000144430000, 0x0000000146ee0000, 0x00000005eeee0000)
  object space 43712K, 19% used [0x0000000144430000,0x0000000144c90f78,0x0000000146ee0000)
 PSPermGen       total 21248K, used 6288K [0x000000013f230000, 0x00000001406f0000, 0x0000000144430000)
  object space 21248K, 29% used [0x000000013f230000,0x000000013f8540e8,0x00000001406f0000)
}
Event: 1.861 GC heap before
{Heap before GC invocations=2 (full 0):
 PSYoungGen      total 19136K, used 19105K [0x00000005eeee0000, 0x00000005f1440000, 0x0000000844430000)
  eden space 16448K, 100% used [0x00000005eeee0000,0x00000005efef0000,0x00000005efef0000)
  from space 2688K, 98% used [0x00000005efef0000,0x00000005f0188548,0x00000005f0190000)
  to   space 2688K, 0% used [0x00000005f11a0000,0x00000005f11a0000,0x00000005f1440000)
 ParOldGen       total 43712K, used 8579K [0x0000000144430000, 0x0000000146ee0000, 0x00000005eeee0000)
  object space 43712K, 19% used [0x0000000144430000,0x0000000144c90f78,0x0000000146ee0000)
 PSPermGen       total 21248K, used 6382K [0x000000013f230000, 0x00000001406f0000, 0x0000000144430000)
  object space 21248K, 30% used [0x000000013f230000,0x000000013f86b890,0x00000001406f0000)
Event: 1.894 GC heap after
Heap after GC invocations=2 (full 0):
 PSYoungGen      total 35584K, used 2670K [0x00000005eeee0000, 0x00000005f1440000, 0x0000000844430000)
  eden space 32896K, 0% used [0x00000005eeee0000,0x00000005eeee0000,0x00000005f0f00000)
  from space 2688K, 99% used [0x00000005f11a0000,0x00000005f143bba8,0x00000005f1440000)
  to   space 2688K, 0% used [0x00000005f0f00000,0x00000005f0f00000,0x00000005f11a0000)
 ParOldGen       total 43712K, used 23219K [0x0000000144430000, 0x0000000146ee0000, 0x00000005eeee0000)
  object space 43712K, 53% used [0x0000000144430000,0x0000000145adcf78,0x0000000146ee0000)
 PSPermGen       total 21248K, used 6382K [0x000000013f230000, 0x00000001406f0000, 0x0000000144430000)
  object space 21248K, 30% used [0x000000013f230000,0x000000013f86b890,0x00000001406f0000)
}
Event: 2.761 GC heap before
{Heap before GC invocations=3 (full 0):
 PSYoungGen      total 35584K, used 35566K [0x00000005eeee0000, 0x00000005f1440000, 0x0000000844430000)
  eden space 32896K, 100% used [0x00000005eeee0000,0x00000005f0f00000,0x00000005f0f00000)
  from space 2688K, 99% used [0x00000005f11a0000,0x00000005f143bba8,0x00000005f1440000)
  to   space 2688K, 0% used [0x00000005f0f00000,0x00000005f0f00000,0x00000005f11a0000)
 ParOldGen       total 43712K, used 23219K [0x0000000144430000, 0x0000000146ee0000, 0x00000005eeee0000)
  object space 43712K, 53% used [0x0000000144430000,0x0000000145adcf78,0x0000000146ee0000)
 PSPermGen       total 21248K, used 6395K [0x000000013f230000, 0x00000001406f0000, 0x0000000144430000)
  object space 21248K, 30% used [0x000000013f230000,0x000000013f86ede8,0x00000001406f0000)
Event: 2.810 GC heap after
Heap after GC invocations=3 (full 0):
 PSYoungGen      total 35584K, used 2672K [0x00000005eeee0000, 0x00000005f3460000, 0x0000000844430000)
  eden space 32896K, 0% used [0x00000005eeee0000,0x00000005eeee0000,0x00000005f0f00000)
  from space 2688K, 99% used [0x00000005f0f00000,0x00000005f119c398,0x00000005f11a0000)
  to   space 2688K, 0% used [0x00000005f31c0000,0x00000005f31c0000,0x00000005f3460000)
 ParOldGen       total 52928K, used 51777K [0x0000000144430000, 0x00000001477e0000, 0x00000005eeee0000)
  object space 52928K, 97% used [0x0000000144430000,0x00000001476c04e0,0x00000001477e0000)
 PSPermGen       total 21248K, used 6395K [0x000000013f230000, 0x00000001406f0000, 0x0000000144430000)
  object space 21248K, 30% used [0x000000013f230000,0x000000013f86ede8,0x00000001406f0000)
}
Event: 2.810 GC heap before
{Heap before GC invocations=4 (full 1):
 PSYoungGen      total 35584K, used 2672K [0x00000005eeee0000, 0x00000005f3460000, 0x0000000844430000)
  eden space 32896K, 0% used [0x00000005eeee0000,0x00000005eeee0000,0x00000005f0f00000)
  from space 2688K, 99% used [0x00000005f0f00000,0x00000005f119c398,0x00000005f11a0000)
  to   space 2688K, 0% used [0x00000005f31c0000,0x00000005f31c0000,0x00000005f3460000)
 ParOldGen       total 52928K, used 51777K [0x0000000144430000, 0x00000001477e0000, 0x00000005eeee0000)
  object space 52928K, 97% used [0x0000000144430000,0x00000001476c04e0,0x00000001477e0000)
 PSPermGen       total 21248K, used 6395K [0x000000013f230000, 0x00000001406f0000, 0x0000000144430000)
  object space 21248K, 30% used [0x000000013f230000,0x000000013f86ede8,0x00000001406f0000)
Event: 3.436 GC heap after
Heap after GC invocations=4 (full 1):
 PSYoungGen      total 35584K, used 524K [0x00000005eeee0000, 0x00000005f3460000, 0x0000000844430000)
  eden space 32896K, 0% used [0x00000005eeee0000,0x00000005eeee0000,0x00000005f0f00000)
  from space 2688K, 19% used [0x00000005f0f00000,0x00000005f0f83258,0x00000005f11a0000)
  to   space 2688K, 0% used [0x00000005f31c0000,0x00000005f31c0000,0x00000005f3460000)
 ParOldGen       total 114176K, used 52927K [0x0000000144430000, 0x000000014b3b0000, 0x00000005eeee0000)
  object space 114176K, 46% used [0x0000000144430000,0x00000001477dff20,0x000000014b3b0000)
 PSPermGen       total 21248K, used 6392K [0x000000013f230000, 0x00000001406f0000, 0x0000000144430000)
  object space 21248K, 30% used [0x000000013f230000,0x000000013f86e3a0,0x00000001406f0000)
}
Event: 3.841 GC heap before
{Heap before GC invocations=5 (full 1):
 PSYoungGen      total 35584K, used 33420K [0x00000005eeee0000, 0x00000005f3460000, 0x0000000844430000)
  eden space 32896K, 100% used [0x00000005eeee0000,0x00000005f0f00000,0x00000005f0f00000)
  from space 2688K, 19% used [0x00000005f0f00000,0x00000005f0f83258,0x00000005f11a0000)
  to   space 2688K, 0% used [0x00000005f31c0000,0x00000005f31c0000,0x00000005f3460000)
 ParOldGen       total 114176K, used 52927K [0x0000000144430000, 0x000000014b3b0000, 0x00000005eeee0000)
  object space 114176K, 46% used [0x0000000144430000,0x00000001477dff20,0x000000014b3b0000)
 PSPermGen       total 21248K, used 6428K [0x000000013f230000, 0x00000001406f0000, 0x0000000144430000)
  object space 21248K, 30% used [0x000000013f230000,0x000000013f877368,0x00000001406f0000)
Event: 3.883 GC heap after
Heap after GC invocations=5 (full 1):
 PSYoungGen      total 41920K, used 2688K [0x00000005eeee0000, 0x00000005f3460000, 0x0000000844430000)
  eden space 39232K, 0% used [0x00000005eeee0000,0x00000005eeee0000,0x00000005f1530000)
  from space 2688K, 100% used [0x00000005f31c0000,0x00000005f3460000,0x00000005f3460000)
  to   space 2688K, 0% used [0x00000005f2f20000,0x00000005f2f20000,0x00000005f31c0000)
 ParOldGen       total 114176K, used 62925K [0x0000000144430000, 0x000000014b3b0000, 0x00000005eeee0000)
  object space 114176K, 55% used [0x0000000144430000,0x00000001481a3488,0x000000014b3b0000)
 PSPermGen       total 21248K, used 6428K [0x000000013f230000, 0x00000001406f0000, 0x0000000144430000)
  object space 21248K, 30% used [0x000000013f230000,0x000000013f877368,0x00000001406f0000)
}

